<?xml version="1.0" encoding="UTF-8"?>
<!-- Generated by org.testng.reporters.JUnitReportReporter -->
<testsuite hostname="DESKTOP-MOK7TM7" failures="0" tests="1" name="testngpkg.Fb" time="0.977" errors="0" timestamp="2024-03-07T14:23:55 IST" skipped="0">
  <testcase classname="testngpkg.Fb" name="test" time="0.977"/>
  <system-out/>
</testsuite> <!-- testngpkg.Fb -->
