<?xml version="1.0" encoding="UTF-8"?>
<!-- Generated by org.testng.reporters.JUnitReportReporter -->
<testsuite hostname="DESKTOP-MOK7TM7" failures="0" tests="3" name="testngpkg.TestngDemo" time="0.012" errors="0" timestamp="2024-03-06T15:07:38 IST" skipped="0">
  <testcase classname="testngpkg.TestngDemo" name="test5" time="0.001"/>
  <system-out/>
  <testcase classname="testngpkg.TestngDemo" name="test2" time="0.004"/>
  <system-out/>
  <testcase classname="testngpkg.TestngDemo" name="test1" time="0.007"/>
  <system-out/>
</testsuite> <!-- testngpkg.TestngDemo -->
