<?xml version="1.0" encoding="UTF-8"?>
<!-- Generated by org.testng.reporters.JUnitReportReporter -->
<testsuite hostname="DESKTOP-MOK7TM7" failures="0" tests="1" name="testngpkg.Datadriventest" time="9.163" errors="0" timestamp="2024-03-14T14:39:26 IST" skipped="0">
  <testcase classname="testngpkg.Datadriventest" name="test" time="9.163"/>
  <system-out/>
</testsuite> <!-- testngpkg.Datadriventest -->
