<?xml version="1.0" encoding="UTF-8"?>
<!-- Generated by org.testng.reporters.JUnitReportReporter -->
<testsuite hostname="DESKTOP-MOK7TM7" failures="0" tests="1" name="testngpkg.Fileuploadauto" time="9.220" errors="0" timestamp="2024-03-12T14:08:14 IST" skipped="0">
  <testcase classname="testngpkg.Fileuploadauto" name="fileuploadpgm" time="9.220"/>
  <system-out/>
</testsuite> <!-- testngpkg.Fileuploadauto -->
