<?xml version="1.0" encoding="UTF-8"?>
<!-- Generated by org.testng.reporters.JUnitReportReporter -->
<testsuite hostname="DESKTOP-MOK7TM7" failures="0" tests="1" name="testngpkg.Windowhandler" time="9.775" errors="0" timestamp="2024-03-15T14:02:41 IST" skipped="0">
  <testcase classname="testngpkg.Windowhandler" name="test" time="9.775"/>
  <system-out/>
</testsuite> <!-- testngpkg.Windowhandler -->
