<?xml version="1.0" encoding="UTF-8"?>
<!-- Generated by org.testng.reporters.JUnitReportReporter -->
<testsuite hostname="DESKTOP-MOK7TM7" failures="0" tests="1" name="testngpkg.Movetoelemnt" time="3.606" errors="0" timestamp="2024-03-11T13:54:35 IST" skipped="0">
  <testcase classname="testngpkg.Movetoelemnt" name="test" time="3.606"/>
  <system-out/>
</testsuite> <!-- testngpkg.Movetoelemnt -->
