<?xml version="1.0" encoding="UTF-8"?>
<!-- Generated by org.testng.reporters.JUnitReportReporter -->
<testsuite hostname="DESKTOP-MOK7TM7" failures="0" tests="3" name="testngpkg.Crossbrowsertest" time="6.999" errors="0" timestamp="2024-03-07T14:41:21 IST" skipped="0">
  <testcase classname="testngpkg.Crossbrowsertest" name="test" time="1.325"/>
  <system-out/>
  <testcase classname="testngpkg.Crossbrowsertest" name="test" time="1.875"/>
  <system-out/>
  <testcase classname="testngpkg.Crossbrowsertest" name="test" time="3.799"/>
  <system-out/>
</testsuite> <!-- testngpkg.Crossbrowsertest -->
