<?xml version="1.0" encoding="UTF-8"?>
<!-- Generated by org.testng.reporters.JUnitReportReporter -->
<testsuite hostname="DESKTOP-MOK7TM7" failures="0" tests="1" name="testngpkg.Doubleandrightclick" time="0.538" errors="0" timestamp="2024-03-08T14:52:08 IST" skipped="0">
  <testcase classname="testngpkg.Doubleandrightclick" name="test" time="0.538"/>
  <system-out/>
</testsuite> <!-- testngpkg.Doubleandrightclick -->
