<?xml version="1.0" encoding="UTF-8"?>
<!-- Generated by org.testng.reporters.JUnitReportReporter -->
<testsuite hostname="DESKTOP-MOK7TM7" failures="0" tests="1" name="testngpkg.Copypastepgm" time="0.565" errors="0" timestamp="2024-03-08T13:50:19 IST" skipped="0">
  <testcase classname="testngpkg.Copypastepgm" name="test1" time="0.565"/>
  <system-out/>
</testsuite> <!-- testngpkg.Copypastepgm -->
